app/build/outputs/logs/manifest-merger-debug-report.txt
-- Merging decision tree log ---
manifest
ADDED from src\main\AndroidManifest.xml:2:1-118:12
	package
		ADDED from src\main\AndroidManifest.xml:3:5-31
		INJECTED from src\main\AndroidManifest.xml
		INJECTED from src\main\AndroidManifest.xml
	android:versionName
		ADDED from src\main\AndroidManifest.xml:5:5-30
		INJECTED from src\main\AndroidManifest.xml
		INJECTED from src\main\AndroidManifest.xml
	android:versionCode
		ADDED from src\main\AndroidManifest.xml:4:5-28
		INJECTED from src\main\AndroidManifest.xml
		INJECTED from src\main\AndroidManifest.xml
	xmlns:android
		ADDED from src\main\AndroidManifest.xml:2:11-69
uses-sdk
ADDED from src\main\AndroidManifest.xml:7:5-9:41
MERGED from [com.android.support:support-v4:25.3.1] AndroidManifest.xml:21:5-23:54
MERGED from [com.android.support:support-fragment:25.3.1] AndroidManifest.xml:21:5-23:60
MERGED from [com.android.support:support-media-compat:25.3.1] AndroidManifest.xml:21:5-23:63
MERGED from [com.android.support:support-core-ui:25.3.1] AndroidManifest.xml:21:5-23:58
MERGED from [com.android.support:support-core-utils:25.3.1] AndroidManifest.xml:21:5-23:61
MERGED from [com.android.support:support-compat:25.3.1] AndroidManifest.xml:21:5-23:58
	tools:overrideLibrary
		ADDED from [com.android.support:support-v4:25.3.1] AndroidManifest.xml:23:9-51
	android:targetSdkVersion
		ADDED from src\main\AndroidManifest.xml:9:9-38
		INJECTED from src\main\AndroidManifest.xml
		INJECTED from src\main\AndroidManifest.xml
	android:minSdkVersion
		ADDED from src\main\AndroidManifest.xml:8:9-35
		INJECTED from src\main\AndroidManifest.xml
		INJECTED from src\main\AndroidManifest.xml
uses-permission#android.permission.ACCESS_FINE_LOCATION
ADDED from src\main\AndroidManifest.xml:11:5-79
	android:name
		ADDED from src\main\AndroidManifest.xml:11:22-76
uses-permission#android.permission.ACCESS_CORSE_LOCATION
ADDED from src\main\AndroidManifest.xml:12:5-80
	android:name
		ADDED from src\main\AndroidManifest.xml:12:22-77
uses-permission#android.permission.INTERNET
ADDED from src\main\AndroidManifest.xml:13:5-67
	android:name
		ADDED from src\main\AndroidManifest.xml:13:22-64
uses-permission#android.permission.READ_PHONE_STATE
ADDED from src\main\AndroidManifest.xml:14:5-75
	android:name
		ADDED from src\main\AndroidManifest.xml:14:22-72
uses-permission#android.permission.ACCESS_WIFI_STATE
ADDED from src\main\AndroidManifest.xml:15:5-76
	android:name
		ADDED from src\main\AndroidManifest.xml:15:22-73
uses-permission#android.permission.CHANGE_WIFI_STATE
ADDED from src\main\AndroidManifest.xml:16:5-76
	android:name
		ADDED from src\main\AndroidManifest.xml:16:22-73
uses-permission#android.permission.BLUETOOTH
ADDED from src\main\AndroidManifest.xml:17:5-68
	android:name
		ADDED from src\main\AndroidManifest.xml:17:22-65
uses-permission#android.permission.BLUETOOTH_ADMIN
ADDED from src\main\AndroidManifest.xml:18:5-74
	android:name
		ADDED from src\main\AndroidManifest.xml:18:22-71
uses-permission#android.permission.ACCESS_NETWORK_STATE
ADDED from src\main\AndroidManifest.xml:19:5-79
	android:name
		ADDED from src\main\AndroidManifest.xml:19:22-76
uses-permission#android.permission.WRITE_EXTERNAL_STORAGE
ADDED from src\main\AndroidManifest.xml:20:5-81
	android:name
		ADDED from src\main\AndroidManifest.xml:20:22-78
uses-permission#android.permission.READ_EXTERNAL_STORAGE
ADDED from src\main\AndroidManifest.xml:21:5-80
	android:name
		ADDED from src\main\AndroidManifest.xml:21:22-77
uses-permission#android.permission.CAMERA
ADDED from src\main\AndroidManifest.xml:23:5-65
	android:name
		ADDED from src\main\AndroidManifest.xml:23:22-62
uses-permission#com.android.launcher.permission.INSTALL_SHORTCUT
ADDED from src\main\AndroidManifest.xml:24:5-88
	android:name
		ADDED from src\main\AndroidManifest.xml:24:22-85
uses-permission#android.permission.INSTALL_PACKAGES
ADDED from src\main\AndroidManifest.xml:25:5-75
	android:name
		ADDED from src\main\AndroidManifest.xml:25:22-72
uses-permission#android.permission.DELETE_PACKAGES
ADDED from src\main\AndroidManifest.xml:26:5-74
	android:name
		ADDED from src\main\AndroidManifest.xml:26:22-71
application
ADDED from src\main\AndroidManifest.xml:28:5-116:19
MERGED from [com.android.support:support-v4:25.3.1] AndroidManifest.xml:29:5-20
MERGED from [com.android.support:support-fragment:25.3.1] AndroidManifest.xml:29:5-20
MERGED from [com.android.support:support-media-compat:25.3.1] AndroidManifest.xml:29:5-20
MERGED from [com.android.support:support-core-ui:25.3.1] AndroidManifest.xml:29:5-20
MERGED from [com.android.support:support-core-utils:25.3.1] AndroidManifest.xml:29:5-20
MERGED from [com.android.support:support-compat:25.3.1] AndroidManifest.xml:29:5-20
	android:label
		ADDED from src\main\AndroidManifest.xml:31:9-41
	android:allowBackup
		ADDED from src\main\AndroidManifest.xml:29:9-35
	android:icon
		ADDED from src\main\AndroidManifest.xml:30:9-38
	android:largeHeap
		ADDED from src\main\AndroidManifest.xml:32:9-33
	android:theme
		ADDED from src\main\AndroidManifest.xml:33:9-40
activity#com.mtpv.seizureInfo.MainActivity
ADDED from src\main\AndroidManifest.xml:34:9-42:20
	android:label
		ADDED from src\main\AndroidManifest.xml:36:13-45
	android:name
		ADDED from src\main\AndroidManifest.xml:35:13-61
intent-filter#android.intent.action.MAIN+android.intent.category.LAUNCHER
ADDED from src\main\AndroidManifest.xml:37:13-41:29
action#android.intent.action.MAIN
ADDED from src\main\AndroidManifest.xml:38:17-69
	android:name
		ADDED from src\main\AndroidManifest.xml:38:25-66
category#android.intent.category.LAUNCHER
ADDED from src\main\AndroidManifest.xml:40:17-77
	android:name
		ADDED from src\main\AndroidManifest.xml:40:27-74
activity#com.mtpv.seizureInfo.Seizure
ADDED from src\main\AndroidManifest.xml:43:9-44:20
	android:name
		ADDED from src\main\AndroidManifest.xml:43:19-62
activity#com.mtpv.seizureInfo.DisplayP
ADDED from src\main\AndroidManifest.xml:45:9-46:20
	android:name
		ADDED from src\main\AndroidManifest.xml:45:19-63
activity#com.mtpv.seizureInfo.PrintDispaly
ADDED from src\main\AndroidManifest.xml:47:9-48:20
	android:name
		ADDED from src\main\AndroidManifest.xml:47:19-67
activity#com.mtpv.seizureInfo.Dashboard
ADDED from src\main\AndroidManifest.xml:49:9-52:20
	android:label
		ADDED from src\main\AndroidManifest.xml:51:13-61
	android:name
		ADDED from src\main\AndroidManifest.xml:50:13-58
activity#com.mtpv.seizureInfo.Shop_vendor
ADDED from src\main\AndroidManifest.xml:53:9-57:20
	android:label
		ADDED from src\main\AndroidManifest.xml:55:13-63
	android:windowSoftInputMode
		ADDED from src\main\AndroidManifest.xml:56:13-52
	android:name
		ADDED from src\main\AndroidManifest.xml:54:13-60
activity#com.mtpv.seizureInfo.FootPath_Vendor
ADDED from src\main\AndroidManifest.xml:58:9-62:20
	android:label
		ADDED from src\main\AndroidManifest.xml:60:13-69
	android:windowSoftInputMode
		ADDED from src\main\AndroidManifest.xml:61:13-52
	android:name
		ADDED from src\main\AndroidManifest.xml:59:13-64
activity#com.mtpv.seizureInfo.IPsettings
ADDED from src\main\AndroidManifest.xml:63:9-67:20
	android:label
		ADDED from src\main\AndroidManifest.xml:65:13-62
	android:windowSoftInputMode
		ADDED from src\main\AndroidManifest.xml:66:13-52
	android:name
		ADDED from src\main\AndroidManifest.xml:64:13-59
activity#com.mtpv.seizureInfo.DuplicatePrint
ADDED from src\main\AndroidManifest.xml:68:9-71:20
	android:label
		ADDED from src\main\AndroidManifest.xml:70:13-67
	android:name
		ADDED from src\main\AndroidManifest.xml:69:13-63
activity#com.mtpv.seizureInfo.Reports
ADDED from src\main\AndroidManifest.xml:72:9-75:20
	android:label
		ADDED from src\main\AndroidManifest.xml:74:13-59
	android:name
		ADDED from src\main\AndroidManifest.xml:73:13-56
activity#com.mtpv.seizureInfo.Settings
ADDED from src\main\AndroidManifest.xml:76:9-79:20
	android:label
		ADDED from src\main\AndroidManifest.xml:78:13-60
	android:name
		ADDED from src\main\AndroidManifest.xml:77:13-57
activity#com.mtpv.seizureInfo.DeviceListActivity
ADDED from src\main\AndroidManifest.xml:80:9-87:20
	android:label
		ADDED from src\main\AndroidManifest.xml:82:13-45
	android:theme
		ADDED from src\main\AndroidManifest.xml:83:13-56
	android:name
		ADDED from src\main\AndroidManifest.xml:81:13-67
intent-filter#android.intent.action.VIEW
ADDED from src\main\AndroidManifest.xml:84:13-86:29
action#android.intent.action.VIEW
ADDED from src\main\AndroidManifest.xml:85:17-69
	android:name
		ADDED from src\main\AndroidManifest.xml:85:25-66
activity#com.mtpv.seizureInfo.FootPath_Preview
ADDED from src\main\AndroidManifest.xml:88:9-91:20
	android:label
		ADDED from src\main\AndroidManifest.xml:90:13-70
	android:name
		ADDED from src\main\AndroidManifest.xml:89:13-65
activity#com.mtpv.seizureInfo.ReleaseDocument
ADDED from src\main\AndroidManifest.xml:92:9-95:20
	android:label
		ADDED from src\main\AndroidManifest.xml:94:13-68
	android:name
		ADDED from src\main\AndroidManifest.xml:93:13-64
activity#com.mtpv.seizureInfo.OTP_input
ADDED from src\main\AndroidManifest.xml:96:9-99:20
	android:theme
		ADDED from src\main\AndroidManifest.xml:98:13-56
	android:name
		ADDED from src\main\AndroidManifest.xml:97:13-58
activity#com.mtpv.seizureInfo.ReleaseDocumentsPrint
ADDED from src\main\AndroidManifest.xml:100:9-103:20
	android:label
		ADDED from src\main\AndroidManifest.xml:102:13-75
	android:name
		ADDED from src\main\AndroidManifest.xml:101:13-70
activity#com.mtpv.seizureInfo.CaptureImages
ADDED from src\main\AndroidManifest.xml:104:9-107:20
	android:label
		ADDED from src\main\AndroidManifest.xml:106:13-66
	android:name
		ADDED from src\main\AndroidManifest.xml:105:13-62
activity#com.mtpv.seizureInfo.PreviousHistory
ADDED from src\main\AndroidManifest.xml:108:9-111:20
	android:label
		ADDED from src\main\AndroidManifest.xml:110:13-68
	android:name
		ADDED from src\main\AndroidManifest.xml:109:13-64
activity#com.mtpv.seizureInfo.Ph_printDisplay
ADDED from src\main\AndroidManifest.xml:112:9-115:20
	android:label
		ADDED from src\main\AndroidManifest.xml:114:13-68
	android:name
		ADDED from src\main\AndroidManifest.xml:113:13-64
meta-data#android.support.VERSION
ADDED from [com.android.support:support-v4:25.3.1] AndroidManifest.xml:25:5-27:34
MERGED from [com.android.support:support-fragment:25.3.1] AndroidManifest.xml:25:5-27:34
MERGED from [com.android.support:support-media-compat:25.3.1] AndroidManifest.xml:25:5-27:34
MERGED from [com.android.support:support-core-ui:25.3.1] AndroidManifest.xml:25:5-27:34
MERGED from [com.android.support:support-core-utils:25.3.1] AndroidManifest.xml:25:5-27:34
MERGED from [com.android.support:support-compat:25.3.1] AndroidManifest.xml:25:5-27:34
	android:value
		ADDED from [com.android.support:support-v4:25.3.1] AndroidManifest.xml:27:9-31
	android:name
		ADDED from [com.android.support:support-v4:25.3.1] AndroidManifest.xml:26:9-47